<?xml version="1.0" encoding="UTF-8"?>
<!-- Generated by org.testng.reporters.JUnitReportReporter -->
<testsuite hostname="DESKTOP-0FRPLG4" failures="0" tests="3" name="com.orangehrm.Againdemo.TestScript.TC_001" time="7.686" errors="0" timestamp="2021-05-15T23:55:53 IST" skipped="0">
  <testcase classname="com.orangehrm.Againdemo.TestScript.TC_001" name="validate_url" time="0.021"/>
  <system-out/>
  <testcase classname="com.orangehrm.Againdemo.TestScript.TC_001" name="validate_title" time="0.012"/>
  <system-out/>
  <testcase classname="com.orangehrm.Againdemo.TestScript.TC_001" name="validate_login" time="7.653"/>
  <system-out/>
</testsuite> <!-- com.orangehrm.Againdemo.TestScript.TC_001 -->
