<?xml version="1.0" encoding="UTF-8"?>
<!-- Generated by org.testng.reporters.JUnitReportReporter -->
<testsuite skipped="0" hostname="DESKTOP-0FRPLG4" name="com.orangehrm.Againdemo.TestScript.TC_001" tests="3" failures="0" timestamp="2021-05-16T00:00:49 IST" time="6.356" errors="0">
  <testcase name="validate_url" time="0.022" classname="com.orangehrm.Againdemo.TestScript.TC_001"/>
  <system-out/>
  <testcase name="validate_title" time="0.013" classname="com.orangehrm.Againdemo.TestScript.TC_001"/>
  <system-out/>
  <testcase name="validate_login" time="6.321" classname="com.orangehrm.Againdemo.TestScript.TC_001"/>
  <system-out/>
</testsuite> <!-- com.orangehrm.Againdemo.TestScript.TC_001 -->
